<?xml version="1.0" encoding="UTF-8"?>
<testng-results ignored="0" total="1" passed="1" failed="0" skipped="0">
  <reporter-output>
  </reporter-output>
  <suite started-at="2024-02-13T15:10:00 IST" name="Default suite" finished-at="2024-02-13T15:11:08 IST" duration-ms="67358">
    <groups>
    </groups>
    <test started-at="2024-02-13T15:10:00 IST" name="Default test" finished-at="2024-02-13T15:11:08 IST" duration-ms="67358">
      <class name="brokenURL.BrokenURL">
        <test-method signature="brokenLinks()[pri:0, instance:brokenURL.BrokenURL@313ac989]" started-at="2024-02-13T15:10:00 IST" name="brokenLinks" finished-at="2024-02-13T15:11:07 IST" duration-ms="67252" status="PASS">
          <reporter-output>
          </reporter-output>
        </test-method> <!-- brokenLinks -->
      </class> <!-- brokenURL.BrokenURL -->
    </test> <!-- Default test -->
  </suite> <!-- Default suite -->
</testng-results>
